Base path: /Applications/Unity/Unity.app/Contents
Pipe name: \\.\pipe\UnityShaderCompiler-2--1333547008
Cmd: getPlatforms
Cmd: compileSnippet
  api=14 type=0 insize=10605 outsize=728 kw= ok=1
Cmd: compileSnippet
  api=9 type=0 insize=10628 outsize=8596 kw= ok=1
Cmd: compileSnippet
  api=9 type=0 insize=10627 outsize=8582 kw= ok=1
Cmd: compileSnippet
  api=9 type=0 insize=5451 outsize=603 kw= ok=1
Cmd: compileSnippet
  api=9 type=1 insize=5459 outsize=7 kw= ok=1
Cmd: compileSnippet
  api=9 type=1 insize=5463 outsize=7 kw= ok=1
Cmd: compileSnippet
  api=14 type=0 insize=5464 outsize=952 kw= ok=1
Cmd: compileSnippet
  api=14 type=1 insize=5464 outsize=2387 kw= ok=1
Cmd: compileSnippet
  api=9 type=1 insize=5468 outsize=7 kw= ok=1
Cmd: compileSnippet
  api=14 type=0 insize=5470 outsize=1346 kw= ok=1
Cmd: compileSnippet
  api=14 type=1 insize=5470 outsize=1895 kw= ok=1
Cmd: compileSnippet
  api=9 type=0 insize=4544 outsize=3506 kw=DIRECTIONAL LIGHTMAP_OFF DIRLIGHTMAP_OFF ok=1
Cmd: compileSnippet
  api=5 type=0 insize=4544 outsize=1728 kw=DIRECTIONAL LIGHTMAP_ON DIRLIGHTMAP_ON ok=1
Cmd: compileSnippet
  api=14 type=0 insize=4544 outsize=3914 kw=DIRECTIONAL LIGHTMAP_OFF DIRLIGHTMAP_OFF VERTEXLIGHT_ON ok=1
Cmd: compileSnippet
  api=9 type=1 insize=4544 outsize=7 kw=DIRECTIONAL LIGHTMAP_OFF DIRLIGHTMAP_OFF ok=1
Cmd: compileSnippet
  api=9 type=1 insize=4544 outsize=7 kw=DIRECTIONAL LIGHTMAP_ON DIRLIGHTMAP_OFF ok=1
Cmd: compileSnippet
  api=9 type=1 insize=4544 outsize=7 kw=DIRECTIONAL LIGHTMAP_ON DIRLIGHTMAP_ON ok=1
Cmd: compileSnippet
  api=9 type=0 insize=2565 outsize=2670 kw=POINT ok=1
Cmd: compileSnippet
  api=5 type=0 insize=2565 outsize=2901 kw=SPOT ok=1
Cmd: compileSnippet
  api=14 type=0 insize=2565 outsize=1736 kw=POINT_COOKIE ok=1
Cmd: compileSnippet
  api=9 type=0 insize=2565 outsize=2478 kw=DIRECTIONAL_COOKIE ok=1
Cmd: compileSnippet
  api=14 type=1 insize=2565 outsize=1865 kw=POINT ok=1
Cmd: compileSnippet
  api=9 type=1 insize=2565 outsize=7 kw=DIRECTIONAL_COOKIE ok=1
Cmd: compileSnippet
  api=9 type=0 insize=981 outsize=901 kw= ok=1
Cmd: compileSnippet
  api=14 type=1 insize=981 outsize=1081 kw= ok=1
Cmd: compileSnippet
  api=9 type=1 insize=1685 outsize=7 kw= ok=1
Cmd: compileSnippet
  api=14 type=0 insize=1749 outsize=1313 kw= ok=1
Cmd: compileSnippet
  api=14 type=1 insize=1749 outsize=3023 kw= ok=1
Cmd: compileSnippet
  api=9 type=0 insize=3862 outsize=5175 kw= ok=1
Cmd: compileSnippet
  api=9 type=0 insize=6851 outsize=4152 kw= ok=1
Cmd: compileSnippet
  api=9 type=0 insize=4192 outsize=4846 kw= ok=1
Cmd: compileSnippet
  api=14 type=0 insize=4197 outsize=1646 kw= ok=1
Cmd: compileSnippet
  api=14 type=1 insize=4197 outsize=3192 kw= ok=1
Cmd: compileSnippet
  api=5 type=0 insize=4216 outsize=1157 kw=DIRECTIONAL SHADOWS_OFF LIGHTMAP_ON DIRLIGHTMAP_OFF ok=1
Cmd: compileSnippet
  api=14 type=0 insize=4216 outsize=932 kw=DIRECTIONAL SHADOWS_OFF LIGHTMAP_ON DIRLIGHTMAP_OFF ok=1
Cmd: compileSnippet
  api=5 type=0 insize=4216 outsize=3759 kw=DIRECTIONAL SHADOWS_SCREEN LIGHTMAP_OFF DIRLIGHTMAP_OFF ok=1
Cmd: compileSnippet
  api=14 type=0 insize=4216 outsize=3739 kw=DIRECTIONAL SHADOWS_OFF LIGHTMAP_OFF DIRLIGHTMAP_OFF VERTEXLIGHT_ON ok=1
Cmd: compileSnippet
  api=5 type=0 insize=4216 outsize=4843 kw=DIRECTIONAL SHADOWS_SCREEN LIGHTMAP_OFF DIRLIGHTMAP_OFF VERTEXLIGHT_ON ok=1
Cmd: compileSnippet
  api=5 type=0 insize=4216 outsize=1815 kw=DIRECTIONAL SHADOWS_SCREEN SHADOWS_NATIVE LIGHTMAP_ON DIRLIGHTMAP_OFF ok=1
Cmd: compileSnippet
  api=5 type=0 insize=4216 outsize=4737 kw=DIRECTIONAL SHADOWS_SCREEN SHADOWS_NATIVE LIGHTMAP_OFF DIRLIGHTMAP_OFF VERTEXLIGHT_ON ok=1
Cmd: compileSnippet
  api=5 type=1 insize=4216 outsize=6 kw=DIRECTIONAL SHADOWS_OFF LIGHTMAP_ON DIRLIGHTMAP_OFF ok=1
Cmd: compileSnippet
  api=5 type=1 insize=4216 outsize=6 kw=DIRECTIONAL SHADOWS_OFF LIGHTMAP_ON DIRLIGHTMAP_ON ok=1
Cmd: compileSnippet
  api=14 type=1 insize=4216 outsize=1199 kw=DIRECTIONAL SHADOWS_OFF LIGHTMAP_ON DIRLIGHTMAP_ON ok=1
Cmd: compileSnippet
  api=9 type=0 insize=2255 outsize=2228 kw=POINT ok=1
Cmd: compileSnippet
  api=14 type=0 insize=2255 outsize=1375 kw=DIRECTIONAL ok=1
Cmd: compileSnippet
  api=14 type=0 insize=2255 outsize=1560 kw=SPOT ok=1
Cmd: compileSnippet
  api=9 type=0 insize=2255 outsize=2325 kw=POINT_COOKIE ok=1
Cmd: compileSnippet
  api=9 type=1 insize=2255 outsize=7 kw=POINT ok=1
Cmd: compileSnippet
  api=14 type=1 insize=2255 outsize=1152 kw=DIRECTIONAL ok=1
Cmd: compileSnippet
  api=9 type=1 insize=2255 outsize=7 kw=DIRECTIONAL_COOKIE ok=1
Cmd: compileSnippet
  api=9 type=0 insize=1783 outsize=832 kw= ok=1
Cmd: compileSnippet
  api=9 type=0 insize=3968 outsize=3520 kw=LIGHTMAP_OFF DIRLIGHTMAP_OFF HDR_LIGHT_PREPASS_OFF ok=1
Cmd: compileSnippet
  api=14 type=0 insize=3968 outsize=1748 kw=LIGHTMAP_ON DIRLIGHTMAP_OFF HDR_LIGHT_PREPASS_OFF ok=1
Cmd: compileSnippet
  api=14 type=0 insize=3968 outsize=1284 kw=LIGHTMAP_ON DIRLIGHTMAP_ON HDR_LIGHT_PREPASS_OFF ok=1
Cmd: compileSnippet
  api=9 type=0 insize=3968 outsize=3511 kw=LIGHTMAP_OFF DIRLIGHTMAP_OFF HDR_LIGHT_PREPASS_ON ok=1
Cmd: compileSnippet
  api=5 type=0 insize=3968 outsize=2152 kw=LIGHTMAP_ON DIRLIGHTMAP_ON HDR_LIGHT_PREPASS_ON ok=1
Cmd: compileSnippet
  api=9 type=1 insize=3968 outsize=7 kw=LIGHTMAP_OFF DIRLIGHTMAP_OFF HDR_LIGHT_PREPASS_OFF ok=1
Cmd: compileSnippet
  api=9 type=1 insize=3968 outsize=7 kw=LIGHTMAP_ON DIRLIGHTMAP_OFF HDR_LIGHT_PREPASS_OFF ok=1
Cmd: compileSnippet
  api=9 type=1 insize=3968 outsize=7 kw=LIGHTMAP_ON DIRLIGHTMAP_ON HDR_LIGHT_PREPASS_OFF ok=1
Cmd: compileSnippet
  api=5 type=1 insize=3968 outsize=6 kw=LIGHTMAP_OFF DIRLIGHTMAP_OFF HDR_LIGHT_PREPASS_ON ok=1
Cmd: compileSnippet
  api=9 type=1 insize=3968 outsize=7 kw=LIGHTMAP_OFF DIRLIGHTMAP_OFF HDR_LIGHT_PREPASS_ON ok=1
Cmd: compileSnippet
  api=14 type=1 insize=3968 outsize=1557 kw=LIGHTMAP_OFF DIRLIGHTMAP_OFF HDR_LIGHT_PREPASS_ON ok=1
Cmd: compileSnippet
  api=5 type=1 insize=3968 outsize=6 kw=LIGHTMAP_ON DIRLIGHTMAP_ON HDR_LIGHT_PREPASS_ON ok=1
Cmd: compileSnippet
  api=9 type=1 insize=3968 outsize=7 kw=LIGHTMAP_ON DIRLIGHTMAP_ON HDR_LIGHT_PREPASS_ON ok=1
Cmd: compileSnippet
  api=14 type=1 insize=3968 outsize=1789 kw=LIGHTMAP_ON DIRLIGHTMAP_ON HDR_LIGHT_PREPASS_ON ok=1
Cmd: compileSnippet
  api=5 type=0 insize=4019 outsize=2750 kw=DIRECTIONAL SHADOWS_OFF LIGHTMAP_OFF DIRLIGHTMAP_OFF ok=1
Cmd: compileSnippet
  api=9 type=0 insize=4019 outsize=1044 kw=DIRECTIONAL SHADOWS_OFF LIGHTMAP_ON DIRLIGHTMAP_ON ok=1
Cmd: compileSnippet
  api=5 type=0 insize=4019 outsize=3876 kw=DIRECTIONAL SHADOWS_OFF LIGHTMAP_OFF DIRLIGHTMAP_OFF VERTEXLIGHT_ON ok=1
Cmd: compileSnippet
  api=5 type=0 insize=4019 outsize=3359 kw=DIRECTIONAL SHADOWS_SCREEN SHADOWS_NATIVE LIGHTMAP_OFF DIRLIGHTMAP_OFF ok=1
Cmd: compileSnippet
  api=9 type=0 insize=4019 outsize=1523 kw=DIRECTIONAL SHADOWS_SCREEN SHADOWS_NATIVE LIGHTMAP_ON DIRLIGHTMAP_OFF ok=1
Cmd: compileSnippet
  api=5 type=0 insize=4019 outsize=4443 kw=DIRECTIONAL SHADOWS_SCREEN SHADOWS_NATIVE LIGHTMAP_OFF DIRLIGHTMAP_OFF VERTEXLIGHT_ON ok=1
Cmd: compileSnippet
  api=14 type=1 insize=4019 outsize=1000 kw=DIRECTIONAL SHADOWS_OFF LIGHTMAP_OFF DIRLIGHTMAP_OFF ok=1
Cmd: compileSnippet
  api=9 type=1 insize=4019 outsize=7 kw=DIRECTIONAL SHADOWS_SCREEN SHADOWS_NATIVE LIGHTMAP_ON DIRLIGHTMAP_OFF ok=1
Cmd: compileSnippet
  api=5 type=1 insize=4019 outsize=6 kw=DIRECTIONAL SHADOWS_SCREEN SHADOWS_NATIVE LIGHTMAP_ON DIRLIGHTMAP_ON ok=1
Cmd: compileSnippet
  api=9 type=1 insize=4019 outsize=7 kw=DIRECTIONAL SHADOWS_SCREEN SHADOWS_NATIVE LIGHTMAP_ON DIRLIGHTMAP_ON ok=1
Cmd: compileSnippet
  api=14 type=1 insize=4019 outsize=1732 kw=DIRECTIONAL SHADOWS_SCREEN SHADOWS_NATIVE LIGHTMAP_ON DIRLIGHTMAP_ON ok=1
Cmd: compileSnippet
  api=5 type=0 insize=2086 outsize=1477 kw=DIRECTIONAL ok=1
Cmd: compileSnippet
  api=14 type=0 insize=2086 outsize=1174 kw=DIRECTIONAL ok=1
Cmd: compileSnippet
  api=14 type=0 insize=2086 outsize=1359 kw=SPOT ok=1
Cmd: compileSnippet
  api=9 type=0 insize=2086 outsize=2049 kw=POINT_COOKIE ok=1
Cmd: compileSnippet
  api=14 type=1 insize=2086 outsize=1312 kw=POINT ok=1
Cmd: compileSnippet
  api=9 type=1 insize=2086 outsize=7 kw=DIRECTIONAL_COOKIE ok=1
Cmd: compileSnippet
  api=14 type=1 insize=2086 outsize=1179 kw=DIRECTIONAL_COOKIE ok=1
Cmd: compileSnippet
  api=9 type=1 insize=1749 outsize=7 kw= ok=1
Cmd: compileSnippet
  api=14 type=0 insize=3799 outsize=2566 kw=LIGHTMAP_OFF DIRLIGHTMAP_OFF HDR_LIGHT_PREPASS_OFF ok=1
Cmd: compileSnippet
  api=9 type=0 insize=3799 outsize=2822 kw=LIGHTMAP_ON DIRLIGHTMAP_OFF HDR_LIGHT_PREPASS_OFF ok=1
Cmd: compileSnippet
  api=5 type=0 insize=3799 outsize=3195 kw=LIGHTMAP_OFF DIRLIGHTMAP_OFF HDR_LIGHT_PREPASS_ON ok=1
Cmd: compileSnippet
  api=9 type=0 insize=3799 outsize=2813 kw=LIGHTMAP_ON DIRLIGHTMAP_OFF HDR_LIGHT_PREPASS_ON ok=1
Cmd: compileSnippet
  api=9 type=1 insize=3799 outsize=7 kw=LIGHTMAP_OFF DIRLIGHTMAP_OFF HDR_LIGHT_PREPASS_OFF ok=1
Cmd: compileSnippet
  api=9 type=1 insize=3799 outsize=7 kw=LIGHTMAP_ON DIRLIGHTMAP_OFF HDR_LIGHT_PREPASS_OFF ok=1
Cmd: compileSnippet
  api=9 type=1 insize=3799 outsize=7 kw=LIGHTMAP_ON DIRLIGHTMAP_ON HDR_LIGHT_PREPASS_OFF ok=1
Cmd: compileSnippet
  api=5 type=1 insize=3799 outsize=6 kw=LIGHTMAP_OFF DIRLIGHTMAP_OFF HDR_LIGHT_PREPASS_ON ok=1
Cmd: compileSnippet
  api=9 type=1 insize=3799 outsize=7 kw=LIGHTMAP_OFF DIRLIGHTMAP_OFF HDR_LIGHT_PREPASS_ON ok=1
Cmd: compileSnippet
  api=14 type=1 insize=3799 outsize=1374 kw=LIGHTMAP_OFF DIRLIGHTMAP_OFF HDR_LIGHT_PREPASS_ON ok=1
Cmd: compileSnippet
  api=5 type=1 insize=3799 outsize=6 kw=LIGHTMAP_ON DIRLIGHTMAP_ON HDR_LIGHT_PREPASS_ON ok=1
Cmd: compileSnippet
  api=9 type=1 insize=3799 outsize=7 kw=LIGHTMAP_ON DIRLIGHTMAP_ON HDR_LIGHT_PREPASS_ON ok=1
Cmd: compileSnippet
  api=14 type=1 insize=3799 outsize=1606 kw=LIGHTMAP_ON DIRLIGHTMAP_ON HDR_LIGHT_PREPASS_ON ok=1
Cmd: compileSnippet
  api=14 type=0 insize=1824 outsize=886 kw= ok=1
Cmd: compileSnippet
  api=14 type=1 insize=1824 outsize=1256 kw= ok=1
End of pipe

Quitting shader compiler process
